{"/home/rashad/MICROVERSE/JS/Creating-a-Phaser-3-Template-Part-3/test/mock.js": {"path":"/home/rashad/MICROVERSE/JS/Creating-a-Phaser-3-Template-Part-3/test/mock.js","statementMap":{"0":{"start":{"line":1,"column":18},"end":{"line":1,"column":54}},"1":{"start":{"line":1,"column":35},"end":{"line":1,"column":54}},"2":{"start":{"line":3,"column":12},"end":{"line":3,"column":111}},"3":{"start":{"line":5,"column":15},"end":{"line":8,"column":1}},"4":{"start":{"line":10,"column":24},"end":{"line":25,"column":1}}},"fnMap":{"0":{"name":"(anonymous_0)","decl":{"start":{"line":1,"column":18},"end":{"line":1,"column":19}},"loc":{"start":{"line":1,"column":35},"end":{"line":1,"column":54}},"line":1}},"branchMap":{},"s":{"0":1,"1":2,"2":1,"3":1,"4":1},"f":{"0":2},"b":{},"_coverageSchema":"1a1c01bbd47fc00a2c39e90264f33305004495a9","hash":"a034f9507351367689ed0bd5c2ea881f279bc23c"}
}
